Build started 29.10.2013 12:14:51.
     1>Project "c:\Users\Ady\documents\visual studio 2012\Projects\image\image\image.vcxproj" on node 2 (Build target(s)).
     1>ClCompile:
         C:\Program Files (x86)\Microsoft Visual Studio 11.0\VC\bin\CL.exe /c /ZI /nologo /W3 /WX- /Od /Oy- /D _MBCS /Gm /EHsc /RTC1 /MDd /GS /fp:precise /Zc:wchar_t /Zc:forScope /Fo"Debug\\" /Fd"Debug\vc110.pdb" /Gd /TP /analyze- /errorReport:prompt CApp.cpp CApp_OnCleanup.cpp CApp_OnEvent.cpp CApp_OnInit.cpp CApp_OnLoop.cpp CApp_OnRender.cpp
         CApp_OnRender.cpp
     1>c:\users\ady\documents\visual studio 2012\projects\image\image\capp.h(8): error C2143: syntax error : missing ';' before '*'
     1>c:\users\ady\documents\visual studio 2012\projects\image\image\capp.h(8): error C4430: missing type specifier - int assumed. Note: C++ does not support default-int
     1>c:\users\ady\documents\visual studio 2012\projects\image\image\capp.h(19): error C2061: syntax error : identifier 'SDL_Event'
     1>c:\users\ady\documents\visual studio 2012\projects\image\image\capp_onrender.cpp(3): error C4430: missing type specifier - int assumed. Note: C++ does not support default-int
     1>c:\users\ady\documents\visual studio 2012\projects\image\image\capp_onrender.cpp(3): error C2556: 'int CApp::OnRender(void)' : overloaded function differs only by return type from 'void CApp::OnRender(void)'
                 c:\users\ady\documents\visual studio 2012\projects\image\image\capp.h(21) : see declaration of 'CApp::OnRender'
     1>c:\users\ady\documents\visual studio 2012\projects\image\image\capp_onrender.cpp(3): error C2371: 'CApp::OnRender' : redefinition; different basic types
                 c:\users\ady\documents\visual studio 2012\projects\image\image\capp.h(21) : see declaration of 'CApp::OnRender'
         CApp_OnLoop.cpp
     1>c:\users\ady\documents\visual studio 2012\projects\image\image\capp.h(8): error C2143: syntax error : missing ';' before '*'
     1>c:\users\ady\documents\visual studio 2012\projects\image\image\capp.h(8): error C4430: missing type specifier - int assumed. Note: C++ does not support default-int
     1>c:\users\ady\documents\visual studio 2012\projects\image\image\capp.h(19): error C2061: syntax error : identifier 'SDL_Event'
     1>c:\users\ady\documents\visual studio 2012\projects\image\image\capp_onloop.cpp(3): error C4430: missing type specifier - int assumed. Note: C++ does not support default-int
     1>c:\users\ady\documents\visual studio 2012\projects\image\image\capp_onloop.cpp(3): error C2556: 'int CApp::OnLoop(void)' : overloaded function differs only by return type from 'void CApp::OnLoop(void)'
                 c:\users\ady\documents\visual studio 2012\projects\image\image\capp.h(20) : see declaration of 'CApp::OnLoop'
     1>c:\users\ady\documents\visual studio 2012\projects\image\image\capp_onloop.cpp(3): error C2371: 'CApp::OnLoop' : redefinition; different basic types
                 c:\users\ady\documents\visual studio 2012\projects\image\image\capp.h(20) : see declaration of 'CApp::OnLoop'
         CApp_OnInit.cpp
     1>c:\users\ady\documents\visual studio 2012\projects\image\image\capp.h(8): error C2143: syntax error : missing ';' before '*'
     1>c:\users\ady\documents\visual studio 2012\projects\image\image\capp.h(8): error C4430: missing type specifier - int assumed. Note: C++ does not support default-int
     1>c:\users\ady\documents\visual studio 2012\projects\image\image\capp.h(19): error C2061: syntax error : identifier 'SDL_Event'
     1>c:\users\ady\documents\visual studio 2012\projects\image\image\capp_oninit.cpp(4): error C2065: 'SDL_INIT_EVERYTHING' : undeclared identifier
     1>c:\users\ady\documents\visual studio 2012\projects\image\image\capp_oninit.cpp(4): error C3861: 'SDL_Init': identifier not found
     1>c:\users\ady\documents\visual studio 2012\projects\image\image\capp_oninit.cpp(7): error C2065: 'Surf_Display' : undeclared identifier
     1>c:\users\ady\documents\visual studio 2012\projects\image\image\capp_oninit.cpp(7): error C2065: 'SDL_HWSURFACE' : undeclared identifier
     1>c:\users\ady\documents\visual studio 2012\projects\image\image\capp_oninit.cpp(7): error C2065: 'SDL_DOUBLEBUF' : undeclared identifier
     1>c:\users\ady\documents\visual studio 2012\projects\image\image\capp_oninit.cpp(7): error C2065: 'NULL' : undeclared identifier
     1>c:\users\ady\documents\visual studio 2012\projects\image\image\capp_oninit.cpp(7): error C2143: syntax error : missing ')' before '{'
     1>c:\users\ady\documents\visual studio 2012\projects\image\image\capp_oninit.cpp(7): error C3861: 'SDL_SetVideoMode': identifier not found
         CApp_OnEvent.cpp
     1>c:\users\ady\documents\visual studio 2012\projects\image\image\capp.h(8): error C2143: syntax error : missing ';' before '*'
     1>c:\users\ady\documents\visual studio 2012\projects\image\image\capp.h(8): error C4430: missing type specifier - int assumed. Note: C++ does not support default-int
     1>c:\users\ady\documents\visual studio 2012\projects\image\image\capp.h(19): error C2061: syntax error : identifier 'SDL_Event'
     1>c:\users\ady\documents\visual studio 2012\projects\image\image\capp_onevent.cpp(3): error C2065: 'SDL_Event' : undeclared identifier
     1>c:\users\ady\documents\visual studio 2012\projects\image\image\capp_onevent.cpp(3): error C2065: 'Event' : undeclared identifier
     1>c:\users\ady\documents\visual studio 2012\projects\image\image\capp_onevent.cpp(3): error C2761: 'void CApp::OnEvent(void)' : member function redeclaration not allowed
     1>c:\users\ady\documents\visual studio 2012\projects\image\image\capp_onevent.cpp(3): error C2447: '{' : missing function header (old-style formal list?)
         CApp_OnCleanup.cpp
     1>c:\users\ady\documents\visual studio 2012\projects\image\image\capp.h(8): error C2143: syntax error : missing ';' before '*'
     1>c:\users\ady\documents\visual studio 2012\projects\image\image\capp.h(8): error C4430: missing type specifier - int assumed. Note: C++ does not support default-int
     1>c:\users\ady\documents\visual studio 2012\projects\image\image\capp.h(19): error C2061: syntax error : identifier 'SDL_Event'
     1>c:\users\ady\documents\visual studio 2012\projects\image\image\capp_oncleanup.cpp(4): error C3861: 'SDL_Quit': identifier not found
         CApp.cpp
     1>c:\users\ady\documents\visual studio 2012\projects\image\image\capp.h(8): error C2143: syntax error : missing ';' before '*'
     1>c:\users\ady\documents\visual studio 2012\projects\image\image\capp.h(8): error C4430: missing type specifier - int assumed. Note: C++ does not support default-int
     1>c:\users\ady\documents\visual studio 2012\projects\image\image\capp.h(19): error C2061: syntax error : identifier 'SDL_Event'
     1>c:\users\ady\documents\visual studio 2012\projects\image\image\capp.cpp(4): error C2065: 'Surf_Display' : undeclared identifier
     1>c:\users\ady\documents\visual studio 2012\projects\image\image\capp.cpp(4): error C2065: 'NULL' : undeclared identifier
     1>c:\users\ady\documents\visual studio 2012\projects\image\image\capp.cpp(13): error C2065: 'SDL_Event' : undeclared identifier
     1>c:\users\ady\documents\visual studio 2012\projects\image\image\capp.cpp(13): error C2065: 'Event' : undeclared identifier
     1>c:\users\ady\documents\visual studio 2012\projects\image\image\capp.cpp(16): error C2065: 'Event' : undeclared identifier
     1>c:\users\ady\documents\visual studio 2012\projects\image\image\capp.cpp(16): error C3861: 'SDL_PollEvent': identifier not found
     1>c:\users\ady\documents\visual studio 2012\projects\image\image\capp.cpp(18): error C2065: 'Event' : undeclared identifier
         Generating Code...
     1>Done Building Project "c:\Users\Ady\documents\visual studio 2012\Projects\image\image\image.vcxproj" (Build target(s)) -- FAILED.

Build FAILED.

Time Elapsed 00:00:00.55
